0 info it worked if it ends with ok
1 verbose cli [ 'node', '/usr/local/bin/npm', 'install', 'ace-editor' ]
2 info using npm@2.10.1
3 info using node@v0.12.4
4 verbose install initial load of /Users/pgrobban/Documents/htdocs/kk-new/package.json
5 verbose readDependencies loading dependencies from /Users/pgrobban/Documents/htdocs/kk-new/package.json
6 silly cache add args [ 'ace-editor', null ]
7 verbose cache add spec ace-editor
8 silly cache add parsed spec { raw: 'ace-editor',
8 silly cache add   scope: null,
8 silly cache add   name: 'ace-editor',
8 silly cache add   rawSpec: '',
8 silly cache add   spec: '*',
8 silly cache add   type: 'range' }
9 silly addNamed ace-editor@*
10 verbose addNamed "*" is a valid semver range for ace-editor
11 silly addNameRange { name: 'ace-editor', range: '*', hasData: false }
12 silly mapToRegistry name ace-editor
13 silly mapToRegistry using default registry
14 silly mapToRegistry registry https://registry.npmjs.org/
15 silly mapToRegistry uri https://registry.npmjs.org/ace-editor
16 verbose addNameRange registry:https://registry.npmjs.org/ace-editor not in flight; fetching
17 verbose request uri https://registry.npmjs.org/ace-editor
18 verbose request no auth needed
19 info attempt registry request try #1 at 20:47:40
20 verbose request id 542d9eb10a542db4
21 http request GET https://registry.npmjs.org/ace-editor
22 http 404 https://registry.npmjs.org/ace-editor
23 verbose headers { server: 'CouchDB/1.5.0 (Erlang OTP/R16B03)',
23 verbose headers   'content-type': 'application/json',
23 verbose headers   'cache-control': 'max-age=0',
23 verbose headers   'content-length': '51',
23 verbose headers   'accept-ranges': 'bytes',
23 verbose headers   date: 'Tue, 14 Jul 2015 18:47:31 GMT',
23 verbose headers   via: '1.1 varnish',
23 verbose headers   age: '0',
23 verbose headers   connection: 'keep-alive',
23 verbose headers   'x-served-by': 'cache-bma7030-BMA',
23 verbose headers   'x-cache': 'MISS',
23 verbose headers   'x-cache-hits': '0',
23 verbose headers   'x-timer': 'S1436899651.671524,VS0,VE131' }
24 silly get cb [ 404,
24 silly get   { server: 'CouchDB/1.5.0 (Erlang OTP/R16B03)',
24 silly get     'content-type': 'application/json',
24 silly get     'cache-control': 'max-age=0',
24 silly get     'content-length': '51',
24 silly get     'accept-ranges': 'bytes',
24 silly get     date: 'Tue, 14 Jul 2015 18:47:31 GMT',
24 silly get     via: '1.1 varnish',
24 silly get     age: '0',
24 silly get     connection: 'keep-alive',
24 silly get     'x-served-by': 'cache-bma7030-BMA',
24 silly get     'x-cache': 'MISS',
24 silly get     'x-cache-hits': '0',
24 silly get     'x-timer': 'S1436899651.671524,VS0,VE131' } ]
25 verbose stack Error: 404 Not Found: ace-editor
25 verbose stack     at CachingRegistryClient.<anonymous> (/usr/local/lib/node_modules/npm/node_modules/npm-registry-client/lib/request.js:245:14)
25 verbose stack     at Request._callback (/usr/local/lib/node_modules/npm/node_modules/npm-registry-client/lib/request.js:170:14)
25 verbose stack     at Request.self.callback (/usr/local/lib/node_modules/npm/node_modules/request/request.js:368:22)
25 verbose stack     at Request.emit (events.js:110:17)
25 verbose stack     at Request.<anonymous> (/usr/local/lib/node_modules/npm/node_modules/request/request.js:1219:14)
25 verbose stack     at Request.emit (events.js:129:20)
25 verbose stack     at IncomingMessage.<anonymous> (/usr/local/lib/node_modules/npm/node_modules/request/request.js:1167:12)
25 verbose stack     at IncomingMessage.emit (events.js:129:20)
25 verbose stack     at _stream_readable.js:908:16
25 verbose stack     at process._tickCallback (node.js:355:11)
26 verbose statusCode 404
27 verbose pkgid ace-editor
28 verbose cwd /Users/pgrobban/Documents/htdocs/kk-new/public/assets/js
29 error Darwin 14.4.0
30 error argv "node" "/usr/local/bin/npm" "install" "ace-editor"
31 error node v0.12.4
32 error npm  v2.10.1
33 error code E404
34 error 404 Not Found: ace-editor
34 error 404
34 error 404 'ace-editor' is not in the npm registry.
34 error 404 You should bug the author to publish it (or use the name yourself!)
34 error 404
34 error 404 Note that you can also install from a
34 error 404 tarball, folder, http url, or git url.
35 verbose exit [ 1, true ]
